<?xml version="1.0" encoding="UTF-8"?>
<testng-results ignored="0" total="5" passed="5" failed="0" skipped="0">
  <reporter-output>
  </reporter-output>
  <suite started-at="2022-04-22T19:45:25 IST" name="Seleniumtesting" finished-at="2022-04-22T19:45:55 IST" duration-ms="29259">
    <groups>
    </groups>
    <test started-at="2022-04-22T19:45:25 IST" name="Test1" finished-at="2022-04-22T19:45:37 IST" duration-ms="11874">
      <class name="testNGScripts.LinktextLocatorDemo">
        <test-method signature="linkTextDemo()[pri:0, instance:testNGScripts.LinktextLocatorDemo@34f7cfd9]" started-at="2022-04-22T19:45:25 IST" name="linkTextDemo" finished-at="2022-04-22T19:45:37 IST" duration-ms="11798" status="PASS">
          <reporter-output>
          </reporter-output>
        </test-method> <!-- linkTextDemo -->
      </class> <!-- testNGScripts.LinktextLocatorDemo -->
    </test> <!-- Test1 -->
    <test started-at="2022-04-22T19:45:37 IST" name="Test2" finished-at="2022-04-22T19:45:42 IST" duration-ms="4181">
      <class name="testNGScripts.TestAnnotation1">
        <test-method is-config="true" signature="startbrowser()[pri:0, instance:testNGScripts.TestAnnotation1@4efc180e]" started-at="2022-04-22T19:45:37 IST" name="startbrowser" finished-at="2022-04-22T19:45:39 IST" duration-ms="1899" status="PASS">
          <reporter-output>
          </reporter-output>
        </test-method> <!-- startbrowser -->
        <test-method signature="testcase1()[pri:49, instance:testNGScripts.TestAnnotation1@4efc180e]" started-at="2022-04-22T19:45:39 IST" name="testcase1" finished-at="2022-04-22T19:45:41 IST" duration-ms="2273" status="PASS">
          <reporter-output>
          </reporter-output>
        </test-method> <!-- testcase1 -->
      </class> <!-- testNGScripts.TestAnnotation1 -->
    </test> <!-- Test2 -->
    <test started-at="2022-04-22T19:45:42 IST" name="Test3" finished-at="2022-04-22T19:45:55 IST" duration-ms="13105">
      <class name="testNGScripts.TestAnnotation2">
        <test-method is-config="true" signature="openBrowser()[pri:0, instance:testNGScripts.TestAnnotation2@169e6180]" started-at="2022-04-22T19:45:42 IST" name="openBrowser" finished-at="2022-04-22T19:45:46 IST" duration-ms="4317" status="PASS">
          <reporter-output>
          </reporter-output>
        </test-method> <!-- openBrowser -->
        <test-method signature="dropdown()[pri:49, instance:testNGScripts.TestAnnotation2@169e6180]" started-at="2022-04-22T19:45:46 IST" name="dropdown" finished-at="2022-04-22T19:45:48 IST" duration-ms="2176" status="PASS">
          <reporter-output>
          </reporter-output>
        </test-method> <!-- dropdown -->
        <test-method signature="checkbox()[pri:50, instance:testNGScripts.TestAnnotation2@169e6180]" started-at="2022-04-22T19:45:48 IST" name="checkbox" finished-at="2022-04-22T19:45:53 IST" duration-ms="4674" status="PASS">
          <reporter-output>
          </reporter-output>
        </test-method> <!-- checkbox -->
        <test-method signature="login()[pri:51, instance:testNGScripts.TestAnnotation2@169e6180]" started-at="2022-04-22T19:45:53 IST" name="login" finished-at="2022-04-22T19:45:55 IST" duration-ms="1926" status="PASS">
          <reporter-output>
          </reporter-output>
        </test-method> <!-- login -->
      </class> <!-- testNGScripts.TestAnnotation2 -->
    </test> <!-- Test3 -->
  </suite> <!-- Seleniumtesting -->
</testng-results>
