<?xml version="1.0" encoding="UTF-8"?>
<!-- Generated by org.testng.reporters.JUnitXMLReporter -->
<testsuite ignored="0" hostname="Janardhan" failures="0" tests="3" name="Test3" time="13.105" errors="0" timestamp="2022-04-22T19:45:55 IST">
  <testcase classname="testNGScripts.TestAnnotation2" name="dropdown" time="2.176"/>
  <testcase classname="testNGScripts.TestAnnotation2" name="checkbox" time="4.674"/>
  <testcase classname="testNGScripts.TestAnnotation2" name="login" time="1.926"/>
</testsuite> <!-- Test3 -->
