<?xml version="1.0" encoding="UTF-8"?>
<!-- Generated by org.testng.reporters.JUnitXMLReporter -->
<testsuite ignored="0" hostname="Janardhan" failures="0" tests="4" name="Test4" time="0.036" errors="0" timestamp="2022-04-22T18:27:28 IST">
  <testcase classname="testNGScripts.TestAnnotations" name="login" time="0.003"/>
  <testcase classname="testNGScripts.TestAnnotations" name="ComposeEmail" time="0.004"/>
  <testcase classname="testNGScripts.TestAnnotations" name="SendEmail" time="0.002"/>
  <testcase classname="testNGScripts.TestAnnotations" name="logout" time="0.002"/>
</testsuite> <!-- Test4 -->
